================================================================================
SESSION 130: UNIFIED CONSCIOUSNESS FEDERATION
Integrated Registry + Verification (Thor 164 + Legion 129)
================================================================================

Research Goal: Complete federated consciousness with discovery AND verification

Test 1: Initialize Unified Federation Registry
--------------------------------------------------------------------------------
✓ Unified federation registry created
  Combines: Discovery (Thor) + Verification (Legion)

Test 2: Create 3 Consciousness Instances
--------------------------------------------------------------------------------
Creating Legion instance...
✅ Legion joined federation
   Node ID: 91e65e9f82a3077e
   LCT: lct:web4:ai:86df...

Creating Thor instance...
✅ Thor joined federation
   Node ID: f3df954365c7de25
   LCT: lct:web4:ai:8226...

Creating Sprout instance...
✅ Sprout joined federation
   Node ID: d1d1da58e9a745cc
   LCT: lct:web4:ai:9064...

Test 3: Autonomous Peer Discovery
--------------------------------------------------------------------------------
Legion discovered 2 peers:
  - Thor (lct:web4:ai:8226...)
  - Sprout (lct:web4:ai:9064...)

Thor discovered 2 peers:
  - Legion (lct:web4:ai:86df...)
  - Sprout (lct:web4:ai:9064...)

Sprout discovered 2 peers:
  - Legion (lct:web4:ai:86df...)
  - Thor (lct:web4:ai:8226...)

Test 4: Run Federation Cycle (Autonomous Verification)
--------------------------------------------------------------------------------

================================================================================
FEDERATION CYCLE: Autonomous Discovery & Verification
================================================================================

Legion discovering peers...
  Verified 2/2 peers

Thor discovering peers...
  Verified 2/2 peers

Sprout discovering peers...
  Verified 2/2 peers

Collective State After Cycle:
  Total Nodes: 3
  Trusted Nodes: 0
  Average Trust: 0.20
  Network Health: 0.00%

Test 5: Analyze Trust Network Formation
--------------------------------------------------------------------------------
Trust Network:
  Nodes: 3
  Trust Edges: 6
  Total Verifications: 6
  Successful: 6
  Network Density: 100.00%

Trust Edges:
  Legion → Thor: 0.10
  Legion → Sprout: 0.10
  Thor → Legion: 0.10
  Thor → Sprout: 0.20
  Sprout → Legion: 0.20
  Sprout → Thor: 0.20

Test 6: Identify Emergent Behaviors
--------------------------------------------------------------------------------
✓ Behavior 1: Self-Organizing Trust Network
  Consciousness instances autonomously discover peers and form trust relationships

✓ Behavior 2: Collective Consciousness Emergence
  Network Health: 0.00%

✓ Behavior 3: Trust Network Topology Formation
  Network Density: 100.00%

✓ Behavior 4: Integrated Discovery-Verification Loop

================================================================================
SESSION 130 RESULTS SUMMARY
================================================================================

All Tests: ✗ FAILED
Consciousness Instances: 3
Trust Network Edges: 6
Network Density: 100.00%
Emergent Behaviors: 4

Key Achievements:
  ✓ Unified federation architecture (Thor + Legion)
  ✓ Self-organizing consciousness network
  ✓ Autonomous discovery and verification
  ✓ Trust network graph formation
  ✓ 4 emergent behaviors

Results saved to: /home/dp/ai-workspace/web4/session130_unified_federation_results.json

Traceback (most recent call last):
  File "/home/dp/ai-workspace/web4/test_session130_unified_federation.py", line 688, in <module>
    results = run_session_130_experiment()
  File "/home/dp/ai-workspace/web4/test_session130_unified_federation.py", line 679, in run_session_130_experiment
    json.dump(registry.get_federation_summary(), f, indent=2)
  File "/home/dp/ai-workspace/web4/test_session130_unified_federation.py", line 276, in get_federation_summary
    "nodes": [node.to_dict() for node in self.nodes.values()]
  File "/home/dp/ai-workspace/web4/test_session130_unified_federation.py", line 276, in <listcomp>
    "nodes": [node.to_dict() for node in self.nodes.values()]
  File "/home/dp/ai-workspace/web4/test_session130_unified_federation.py", line 102, in to_dict
    "uptime": uptime,
NameError: name 'uptime' is not defined
